<?xml version="1.0" encoding="UTF-8"?>
<!-- Generated by org.testng.reporters.JUnitXMLReporter -->
<testsuite ignored="0" hostname="DESKTOP-UE4SG0D" failures="0" tests="2" name="FireBoxTest" time="20.153" errors="0" timestamp="2022-11-04T00:48:54 IST">
  <testcase classname="testpack.VerifyRetunTOMassengerandHelpCenter" name="@BeforeTest LunchBrowser" time="20.095">
    <failure type="org.openqa.selenium.WebDriverException" message="java.net.ConnectException: Failed to connect to localhost/[0:0:0:0:0:0:0:1]:24284
Build info: version: &amp;apos;3.141.59&amp;apos;, revision: &amp;apos;e82be7d358&amp;apos;, time: &amp;apos;2018-11-14T08:17:03&amp;apos;
System info: host: &amp;apos;DESKTOP-UE4SG0D&amp;apos;, ip: &amp;apos;192.168.1.13&amp;apos;, os.name: &amp;apos;Windows 10&amp;apos;, os.arch: &amp;apos;amd64&amp;apos;, os.version: &amp;apos;10.0&amp;apos;, java.version: &amp;apos;18.0.1.1&amp;apos;
Driver info: driver.version: FirefoxDriver">
      <![CDATA[org.openqa.selenium.WebDriverException: java.net.ConnectException: Failed to connect to localhost/[0:0:0:0:0:0:0:1]:24284
Build info: version: '3.141.59', revision: 'e82be7d358', time: '2018-11-14T08:17:03'
System info: host: 'DESKTOP-UE4SG0D', ip: '192.168.1.13', os.name: 'Windows 10', os.arch: 'amd64', os.version: '10.0', java.version: '18.0.1.1'
Driver info: driver.version: FirefoxDriver
at org.openqa.selenium.remote.service.DriverCommandExecutor.execute(DriverCommandExecutor.java:92)
at org.openqa.selenium.remote.RemoteWebDriver.execute(RemoteWebDriver.java:552)
at org.openqa.selenium.remote.RemoteWebDriver.startSession(RemoteWebDriver.java:213)
at org.openqa.selenium.remote.RemoteWebDriver.<init>(RemoteWebDriver.java:131)
at org.openqa.selenium.firefox.FirefoxDriver.<init>(FirefoxDriver.java:147)
at org.openqa.selenium.firefox.FirefoxDriver.<init>(FirefoxDriver.java:125)
at Setup.Base.OpenFireBoxBrowser(Base.java:25)
at testpack.VerifyRetunTOMassengerandHelpCenter.LunchBrowser(VerifyRetunTOMassengerandHelpCenter.java:42)
Caused by: java.net.ConnectException: Failed to connect to localhost/[0:0:0:0:0:0:0:1]:24284
at okhttp3.internal.connection.RealConnection.connectSocket(RealConnection.java:247)
at okhttp3.internal.connection.RealConnection.connect(RealConnection.java:165)
at okhttp3.internal.connection.StreamAllocation.findConnection(StreamAllocation.java:257)
at okhttp3.internal.connection.StreamAllocation.findHealthyConnection(StreamAllocation.java:135)
at okhttp3.internal.connection.StreamAllocation.newStream(StreamAllocation.java:114)
at okhttp3.internal.connection.ConnectInterceptor.intercept(ConnectInterceptor.java:42)
at okhttp3.internal.http.RealInterceptorChain.proceed(RealInterceptorChain.java:147)
at okhttp3.internal.http.RealInterceptorChain.proceed(RealInterceptorChain.java:121)
at okhttp3.internal.cache.CacheInterceptor.intercept(CacheInterceptor.java:93)
at okhttp3.internal.http.RealInterceptorChain.proceed(RealInterceptorChain.java:147)
at okhttp3.internal.http.RealInterceptorChain.proceed(RealInterceptorChain.java:121)
at okhttp3.internal.http.BridgeInterceptor.intercept(BridgeInterceptor.java:93)
at okhttp3.internal.http.RealInterceptorChain.proceed(RealInterceptorChain.java:147)
at okhttp3.internal.http.RetryAndFollowUpInterceptor.intercept(RetryAndFollowUpInterceptor.java:126)
at okhttp3.internal.http.RealInterceptorChain.proceed(RealInterceptorChain.java:147)
at okhttp3.internal.http.RealInterceptorChain.proceed(RealInterceptorChain.java:121)
at okhttp3.RealCall.getResponseWithInterceptorChain(RealCall.java:200)
at okhttp3.RealCall.execute(RealCall.java:77)
at org.openqa.selenium.remote.internal.OkHttpClient.execute(OkHttpClient.java:103)
at org.openqa.selenium.remote.ProtocolHandshake.createSession(ProtocolHandshake.java:105)
at org.openqa.selenium.remote.ProtocolHandshake.createSession(ProtocolHandshake.java:74)
at org.openqa.selenium.remote.HttpCommandExecutor.execute(HttpCommandExecutor.java:136)
at org.openqa.selenium.remote.service.DriverCommandExecutor.execute(DriverCommandExecutor.java:83)
... 29 more
Caused by: java.net.ConnectException: Connection refused: no further information
at java.base/sun.nio.ch.Net.pollConnect(Native Method)
at java.base/sun.nio.ch.Net.pollConnectNow(Net.java:672)
at java.base/sun.nio.ch.NioSocketImpl.timedFinishConnect(NioSocketImpl.java:539)
at java.base/sun.nio.ch.NioSocketImpl.connect(NioSocketImpl.java:594)
at java.base/java.net.SocksSocketImpl.connect(SocksSocketImpl.java:327)
at java.base/java.net.Socket.connect(Socket.java:633)
at okhttp3.internal.platform.Platform.connectSocket(Platform.java:129)
at okhttp3.internal.connection.RealConnection.connectSocket(RealConnection.java:245)
... 51 more
... Removed 22 stack frames]]>
    </failure>
  </testcase> <!-- @BeforeTest LunchBrowser -->
  <testcase classname="testpack.VerifyRetunTOMassengerandHelpCenter" name="@BeforeClass CreatePOMobject" time="-1.667503134816E9">
    <skipped/>
  </testcase> <!-- @BeforeClass CreatePOMobject -->
  <testcase classname="testpack.VerifyRetunTOMassengerandHelpCenter" name="@BeforeMethod OpenRoomPage" time="-1.66750313482E9">
    <skipped/>
  </testcase> <!-- @BeforeMethod OpenRoomPage -->
  <testcase classname="testpack.VerifyRetunTOMassengerandHelpCenter" name="@AfterMethod Logout" time="-1.667503134831E9">
    <skipped/>
  </testcase> <!-- @AfterMethod Logout -->
  <testcase classname="testpack.VerifyRetunTOMassengerandHelpCenter" name="@BeforeMethod OpenRoomPage" time="-1.667503134837E9">
    <skipped/>
  </testcase> <!-- @BeforeMethod OpenRoomPage -->
  <testcase classname="testpack.VerifyRetunTOMassengerandHelpCenter" name="@AfterMethod Logout" time="-1.66750313485E9">
    <skipped/>
  </testcase> <!-- @AfterMethod Logout -->
  <testcase classname="testpack.VerifyRetunTOMassengerandHelpCenter" name="@AfterClass ClearObject" time="-1.667503134853E9">
    <skipped/>
  </testcase> <!-- @AfterClass ClearObject -->
  <testcase classname="testpack.VerifyRetunTOMassengerandHelpCenter" name="@AfterTest CloseBrowser" time="-1.667503134856E9">
    <skipped/>
  </testcase> <!-- @AfterTest CloseBrowser -->
  <testcase classname="testpack.VerifyRetunTOMassengerandHelpCenter" name="VerifyHelpCenterButton" time="0.0">
    <skipped/>
  </testcase> <!-- VerifyHelpCenterButton -->
  <testcase classname="testpack.VerifyRetunTOMassengerandHelpCenter" name="VerifyReturnToMessengerButton" time="0.0">
    <skipped/>
  </testcase> <!-- VerifyReturnToMessengerButton -->
</testsuite> <!-- FireBoxTest -->
