<?xml version="1.0" encoding="UTF-8"?>
<!-- Generated by org.testng.reporters.JUnitXMLReporter -->
<testsuite ignored="0" hostname="DESKTOP-UE4SG0D" failures="0" tests="4" name="Test" time="52.574" errors="0" timestamp="2022-10-19T21:34:48 IST">
  <testcase classname="testpack.VerifyCreateAccount" name="VerifyTheCreateAccount" time="7.314"/>
  <testcase classname="testpack.VerifyLoginPage" name="VerifyTheAddFriend" time="8.106"/>
  <testcase classname="testpack.VerifyRetunTOMassengerandHelpCenter" name="VerifyHelpCenterButton" time="1.932"/>
  <testcase classname="testpack.VerifyRetunTOMassengerandHelpCenter" name="VerifyReturnToMessengerButton" time="2.311"/>
</testsuite> <!-- Test -->
